2026-05-20 14:57:28 Handoff watcher started.
2026-05-20 14:57:28 Watching current run: dehaze_v2_fuse0.05_100e
2026-05-20 14:57:28 Watching PIDs: 178816, 178688
2026-05-20 14:57:28 Next run: dehaze_v2_fuse0.2_100e
2026-05-20 14:57:28 ProjectDir: C:\Python\project\ultralytics-yolov8-official
2026-05-20 14:57:28 YoloExe: C:\Anaconda\envs\yolo8hazy\Scripts\yolo.exe
2026-05-20 14:57:28 Next stdout log: C:\Python\project\ultralytics-yolov8-official\runs\detect\_handoff_logs\dehaze_v2_fuse0.2_100e_stdout_20260520_145728.log
2026-05-20 14:57:28 Next stderr log: C:\Python\project\ultralytics-yolov8-official\runs\detect\_handoff_logs\dehaze_v2_fuse0.2_100e_stderr_20260520_145728.log
2026-05-20 14:57:28 Waiting; watched PIDs alive: 2, matching current run processes: 2
2026-05-20 14:58:29 Waiting; watched PIDs alive: 2, matching current run processes: 2
2026-05-20 14:59:30 Waiting; watched PIDs alive: 2, matching current run processes: 2
2026-05-20 15:00:30 Waiting; watched PIDs alive: 2, matching current run processes: 2
2026-05-20 15:01:31 Waiting; watched PIDs alive: 2, matching current run processes: 2
2026-05-20 15:02:31 Waiting; watched PIDs alive: 2, matching current run processes: 2
2026-05-20 15:03:32 Waiting; watched PIDs alive: 2, matching current run processes: 2
2026-05-20 15:04:32 Waiting; watched PIDs alive: 2, matching current run processes: 2
2026-05-20 15:05:33 Waiting; watched PIDs alive: 2, matching current run processes: 2
2026-05-20 15:06:33 Waiting; watched PIDs alive: 2, matching current run processes: 2
2026-05-20 15:07:34 Waiting; watched PIDs alive: 2, matching current run processes: 2
2026-05-20 15:08:34 Waiting; watched PIDs alive: 2, matching current run processes: 2
2026-05-20 15:09:35 Waiting; watched PIDs alive: 2, matching current run processes: 2
2026-05-20 15:10:35 Waiting; watched PIDs alive: 2, matching current run processes: 2
2026-05-20 15:11:36 Waiting; watched PIDs alive: 2, matching current run processes: 2
2026-05-20 15:12:36 Waiting; watched PIDs alive: 2, matching current run processes: 2
2026-05-20 15:13:37 Waiting; watched PIDs alive: 2, matching current run processes: 2
2026-05-20 15:14:38 Waiting; watched PIDs alive: 2, matching current run processes: 2
2026-05-20 15:15:38 Waiting; watched PIDs alive: 2, matching current run processes: 2
2026-05-20 15:16:39 Waiting; watched PIDs alive: 2, matching current run processes: 2
2026-05-20 15:17:39 Waiting; watched PIDs alive: 2, matching current run processes: 2
2026-05-20 15:18:40 Waiting; watched PIDs alive: 2, matching current run processes: 2
2026-05-20 15:19:41 Waiting; watched PIDs alive: 2, matching current run processes: 2
2026-05-20 15:20:41 Waiting; watched PIDs alive: 2, matching current run processes: 2
2026-05-20 15:21:42 Waiting; watched PIDs alive: 2, matching current run processes: 2
2026-05-20 15:22:42 Waiting; watched PIDs alive: 2, matching current run processes: 2
2026-05-20 15:23:43 Waiting; watched PIDs alive: 2, matching current run processes: 2
2026-05-20 15:24:43 Waiting; watched PIDs alive: 2, matching current run processes: 2
2026-05-20 15:25:44 Waiting; watched PIDs alive: 2, matching current run processes: 2
2026-05-20 15:26:45 Waiting; watched PIDs alive: 2, matching current run processes: 2
2026-05-20 15:27:45 Waiting; watched PIDs alive: 2, matching current run processes: 2
2026-05-20 15:28:46 Waiting; watched PIDs alive: 2, matching current run processes: 2
2026-05-20 15:29:46 Waiting; watched PIDs alive: 2, matching current run processes: 2
2026-05-20 15:30:47 Waiting; watched PIDs alive: 2, matching current run processes: 2
2026-05-20 15:31:47 Waiting; watched PIDs alive: 2, matching current run processes: 2
2026-05-20 15:32:48 Waiting; watched PIDs alive: 2, matching current run processes: 2
2026-05-20 15:33:48 Waiting; watched PIDs alive: 2, matching current run processes: 2
2026-05-20 15:34:49 Waiting; watched PIDs alive: 2, matching current run processes: 2
2026-05-20 15:35:49 Waiting; watched PIDs alive: 2, matching current run processes: 2
2026-05-20 15:36:50 Waiting; watched PIDs alive: 2, matching current run processes: 2
2026-05-20 15:37:50 Waiting; watched PIDs alive: 2, matching current run processes: 2
2026-05-20 15:38:51 Waiting; watched PIDs alive: 2, matching current run processes: 2
2026-05-20 15:39:51 Waiting; watched PIDs alive: 2, matching current run processes: 2
2026-05-20 15:40:52 Waiting; watched PIDs alive: 2, matching current run processes: 2
2026-05-20 15:41:53 Waiting; watched PIDs alive: 2, matching current run processes: 2
2026-05-20 15:42:53 Waiting; watched PIDs alive: 2, matching current run processes: 2
2026-05-20 15:43:54 Waiting; watched PIDs alive: 2, matching current run processes: 2
2026-05-20 15:44:54 Waiting; watched PIDs alive: 2, matching current run processes: 2
2026-05-20 15:45:55 Waiting; watched PIDs alive: 2, matching current run processes: 2
2026-05-20 15:46:55 Waiting; watched PIDs alive: 2, matching current run processes: 2
2026-05-20 15:47:56 Waiting; watched PIDs alive: 2, matching current run processes: 2
2026-05-20 15:48:56 Waiting; watched PIDs alive: 2, matching current run processes: 2
2026-05-20 15:49:57 Waiting; watched PIDs alive: 2, matching current run processes: 2
2026-05-20 15:50:57 Waiting; watched PIDs alive: 2, matching current run processes: 2
2026-05-20 15:51:58 Waiting; watched PIDs alive: 2, matching current run processes: 2
2026-05-20 15:52:58 Waiting; watched PIDs alive: 2, matching current run processes: 2
2026-05-20 15:53:59 Waiting; watched PIDs alive: 2, matching current run processes: 2
2026-05-20 15:54:59 Waiting; watched PIDs alive: 2, matching current run processes: 2
2026-05-20 15:56:00 Waiting; watched PIDs alive: 2, matching current run processes: 2
2026-05-20 15:57:00 Waiting; watched PIDs alive: 2, matching current run processes: 2
2026-05-20 15:58:01 Waiting; watched PIDs alive: 2, matching current run processes: 2
2026-05-20 15:59:02 Waiting; watched PIDs alive: 2, matching current run processes: 2
2026-05-20 16:00:02 Waiting; watched PIDs alive: 2, matching current run processes: 2
2026-05-20 16:01:03 Waiting; watched PIDs alive: 2, matching current run processes: 2
2026-05-20 16:02:03 Waiting; watched PIDs alive: 2, matching current run processes: 2
2026-05-20 16:03:04 Waiting; watched PIDs alive: 2, matching current run processes: 2
2026-05-20 16:04:04 Waiting; watched PIDs alive: 2, matching current run processes: 2
2026-05-20 16:05:05 Waiting; watched PIDs alive: 2, matching current run processes: 2
2026-05-20 16:06:05 Waiting; watched PIDs alive: 2, matching current run processes: 2
2026-05-20 16:07:06 Waiting; watched PIDs alive: 2, matching current run processes: 2
2026-05-20 16:08:06 Waiting; watched PIDs alive: 2, matching current run processes: 2
2026-05-20 16:09:07 Waiting; watched PIDs alive: 2, matching current run processes: 2
2026-05-20 16:10:07 Waiting; watched PIDs alive: 2, matching current run processes: 2
2026-05-20 16:11:08 Waiting; watched PIDs alive: 2, matching current run processes: 2
2026-05-20 16:12:08 Waiting; watched PIDs alive: 2, matching current run processes: 2
2026-05-20 16:13:09 Waiting; watched PIDs alive: 2, matching current run processes: 2
2026-05-20 16:14:09 Waiting; watched PIDs alive: 2, matching current run processes: 2
2026-05-20 16:15:10 Waiting; watched PIDs alive: 2, matching current run processes: 2
2026-05-20 16:16:10 Waiting; watched PIDs alive: 2, matching current run processes: 2
2026-05-20 16:17:11 Waiting; watched PIDs alive: 2, matching current run processes: 2
2026-05-20 16:18:11 Waiting; watched PIDs alive: 2, matching current run processes: 2
2026-05-20 16:19:12 Waiting; watched PIDs alive: 2, matching current run processes: 2
2026-05-20 16:20:12 Waiting; watched PIDs alive: 2, matching current run processes: 2
2026-05-20 16:21:13 Waiting; watched PIDs alive: 2, matching current run processes: 2
2026-05-20 16:22:13 Waiting; watched PIDs alive: 2, matching current run processes: 2
2026-05-20 16:23:14 Waiting; watched PIDs alive: 2, matching current run processes: 2
2026-05-20 16:24:15 Waiting; watched PIDs alive: 2, matching current run processes: 2
2026-05-20 16:25:15 Waiting; watched PIDs alive: 2, matching current run processes: 2
2026-05-20 16:26:16 Waiting; watched PIDs alive: 2, matching current run processes: 2
2026-05-20 16:27:16 Waiting; watched PIDs alive: 2, matching current run processes: 2
2026-05-20 16:28:17 Waiting; watched PIDs alive: 2, matching current run processes: 2
2026-05-20 16:29:17 Waiting; watched PIDs alive: 2, matching current run processes: 2
2026-05-20 16:30:18 Waiting; watched PIDs alive: 2, matching current run processes: 2
2026-05-20 16:31:18 Waiting; watched PIDs alive: 2, matching current run processes: 2
2026-05-20 16:32:19 Waiting; watched PIDs alive: 2, matching current run processes: 2
2026-05-20 16:33:19 Waiting; watched PIDs alive: 2, matching current run processes: 2
2026-05-20 16:34:20 Waiting; watched PIDs alive: 2, matching current run processes: 2
2026-05-20 16:35:20 Waiting; watched PIDs alive: 2, matching current run processes: 2
2026-05-20 16:36:21 Waiting; watched PIDs alive: 2, matching current run processes: 2
2026-05-20 16:37:22 Waiting; watched PIDs alive: 2, matching current run processes: 2
2026-05-20 16:38:22 Waiting; watched PIDs alive: 2, matching current run processes: 2
2026-05-20 16:39:23 Waiting; watched PIDs alive: 2, matching current run processes: 2
2026-05-20 16:40:23 Waiting; watched PIDs alive: 2, matching current run processes: 2
2026-05-20 16:41:24 Waiting; watched PIDs alive: 2, matching current run processes: 2
2026-05-20 16:42:24 Waiting; watched PIDs alive: 2, matching current run processes: 2
2026-05-20 16:43:25 Waiting; watched PIDs alive: 2, matching current run processes: 2
2026-05-20 16:44:26 Waiting; watched PIDs alive: 2, matching current run processes: 2
2026-05-20 16:45:26 Waiting; watched PIDs alive: 2, matching current run processes: 2
2026-05-20 16:46:27 Waiting; watched PIDs alive: 2, matching current run processes: 2
2026-05-20 16:47:27 Waiting; watched PIDs alive: 2, matching current run processes: 2
2026-05-20 16:48:28 Waiting; watched PIDs alive: 2, matching current run processes: 2
2026-05-20 16:49:28 Waiting; watched PIDs alive: 2, matching current run processes: 2
2026-05-20 16:50:29 Waiting; watched PIDs alive: 2, matching current run processes: 2
2026-05-20 16:51:29 Waiting; watched PIDs alive: 2, matching current run processes: 2
2026-05-20 16:52:30 Waiting; watched PIDs alive: 2, matching current run processes: 2
2026-05-20 16:53:30 Waiting; watched PIDs alive: 2, matching current run processes: 2
2026-05-20 16:54:31 Waiting; watched PIDs alive: 2, matching current run processes: 2
2026-05-20 16:55:32 Waiting; watched PIDs alive: 2, matching current run processes: 2
2026-05-20 16:56:32 Waiting; watched PIDs alive: 2, matching current run processes: 2
2026-05-20 16:57:33 Waiting; watched PIDs alive: 2, matching current run processes: 2
2026-05-20 16:58:33 Waiting; watched PIDs alive: 2, matching current run processes: 2
2026-05-20 16:59:34 Waiting; watched PIDs alive: 2, matching current run processes: 2
2026-05-20 17:00:34 Waiting; watched PIDs alive: 2, matching current run processes: 2
2026-05-20 17:01:35 Waiting; watched PIDs alive: 2, matching current run processes: 2
2026-05-20 17:02:35 Waiting; watched PIDs alive: 2, matching current run processes: 2
2026-05-20 17:03:36 Waiting; watched PIDs alive: 2, matching current run processes: 2
2026-05-20 17:04:37 Waiting; watched PIDs alive: 2, matching current run processes: 2
2026-05-20 17:05:37 Waiting; watched PIDs alive: 2, matching current run processes: 2
2026-05-20 17:06:38 Waiting; watched PIDs alive: 2, matching current run processes: 2
2026-05-20 17:07:38 Waiting; watched PIDs alive: 2, matching current run processes: 2
2026-05-20 17:08:39 Waiting; watched PIDs alive: 2, matching current run processes: 2
2026-05-20 17:09:39 Waiting; watched PIDs alive: 2, matching current run processes: 2
2026-05-20 17:10:40 Waiting; watched PIDs alive: 2, matching current run processes: 2
2026-05-20 17:11:40 Waiting; watched PIDs alive: 2, matching current run processes: 2
2026-05-20 17:12:41 Waiting; watched PIDs alive: 2, matching current run processes: 2
2026-05-20 17:13:41 Waiting; watched PIDs alive: 2, matching current run processes: 2
2026-05-20 17:14:42 Waiting; watched PIDs alive: 2, matching current run processes: 2
2026-05-20 17:15:42 Waiting; watched PIDs alive: 2, matching current run processes: 2
2026-05-20 17:16:43 Waiting; watched PIDs alive: 2, matching current run processes: 2
2026-05-20 17:17:43 Waiting; watched PIDs alive: 2, matching current run processes: 2
2026-05-20 17:18:44 Waiting; watched PIDs alive: 2, matching current run processes: 2
2026-05-20 17:19:45 Waiting; watched PIDs alive: 2, matching current run processes: 2
2026-05-20 17:20:45 Waiting; watched PIDs alive: 2, matching current run processes: 2
2026-05-20 17:21:46 Waiting; watched PIDs alive: 2, matching current run processes: 2
2026-05-20 17:22:46 Waiting; watched PIDs alive: 2, matching current run processes: 2
2026-05-20 17:23:47 Waiting; watched PIDs alive: 2, matching current run processes: 2
2026-05-20 17:24:47 Waiting; watched PIDs alive: 2, matching current run processes: 2
2026-05-20 17:25:48 Waiting; watched PIDs alive: 2, matching current run processes: 2
2026-05-20 17:26:48 Waiting; watched PIDs alive: 2, matching current run processes: 2
2026-05-20 17:27:49 Waiting; watched PIDs alive: 2, matching current run processes: 2
2026-05-20 17:28:50 Waiting; watched PIDs alive: 2, matching current run processes: 2
2026-05-20 17:29:50 Waiting; watched PIDs alive: 2, matching current run processes: 2
2026-05-20 17:30:51 Waiting; watched PIDs alive: 2, matching current run processes: 2
2026-05-20 17:31:51 Waiting; watched PIDs alive: 2, matching current run processes: 2
2026-05-20 17:32:52 Waiting; watched PIDs alive: 2, matching current run processes: 2
2026-05-20 17:33:52 Waiting; watched PIDs alive: 2, matching current run processes: 2
2026-05-20 17:34:53 Waiting; watched PIDs alive: 2, matching current run processes: 2
2026-05-20 17:35:53 Waiting; watched PIDs alive: 2, matching current run processes: 2
2026-05-20 17:36:54 Waiting; watched PIDs alive: 2, matching current run processes: 2
2026-05-20 17:37:54 Waiting; watched PIDs alive: 2, matching current run processes: 2
2026-05-20 17:38:55 Waiting; watched PIDs alive: 2, matching current run processes: 2
2026-05-20 17:39:55 Waiting; watched PIDs alive: 2, matching current run processes: 2
2026-05-20 17:40:56 Waiting; watched PIDs alive: 2, matching current run processes: 2
2026-05-20 17:41:56 Waiting; watched PIDs alive: 2, matching current run processes: 2
2026-05-20 17:42:57 Waiting; watched PIDs alive: 2, matching current run processes: 2
2026-05-20 17:43:57 Waiting; watched PIDs alive: 2, matching current run processes: 2
2026-05-20 17:44:57 Waiting; watched PIDs alive: 2, matching current run processes: 2
2026-05-20 17:45:58 Waiting; watched PIDs alive: 2, matching current run processes: 2
2026-05-20 17:46:58 Waiting; watched PIDs alive: 2, matching current run processes: 2
2026-05-20 17:47:59 Waiting; watched PIDs alive: 2, matching current run processes: 2
2026-05-20 17:48:59 Waiting; watched PIDs alive: 2, matching current run processes: 2
2026-05-20 17:50:00 Waiting; watched PIDs alive: 2, matching current run processes: 2
2026-05-20 17:51:00 Waiting; watched PIDs alive: 2, matching current run processes: 2
2026-05-20 17:52:01 Waiting; watched PIDs alive: 2, matching current run processes: 2
2026-05-20 17:53:01 Waiting; watched PIDs alive: 2, matching current run processes: 2
2026-05-20 17:54:02 Waiting; watched PIDs alive: 2, matching current run processes: 2
2026-05-20 17:55:02 Waiting; watched PIDs alive: 2, matching current run processes: 2
2026-05-20 17:56:03 Waiting; watched PIDs alive: 2, matching current run processes: 2
2026-05-20 17:57:03 Waiting; watched PIDs alive: 2, matching current run processes: 2
2026-05-20 17:58:04 Waiting; watched PIDs alive: 2, matching current run processes: 2
2026-05-20 17:59:05 Waiting; watched PIDs alive: 2, matching current run processes: 2
2026-05-20 18:00:05 Waiting; watched PIDs alive: 2, matching current run processes: 2
2026-05-20 18:01:06 Waiting; watched PIDs alive: 2, matching current run processes: 2
2026-05-20 18:02:06 Waiting; watched PIDs alive: 2, matching current run processes: 2
2026-05-20 18:03:07 Waiting; watched PIDs alive: 2, matching current run processes: 2
2026-05-20 18:04:08 Waiting; watched PIDs alive: 2, matching current run processes: 2
2026-05-20 18:05:08 Waiting; watched PIDs alive: 2, matching current run processes: 2
2026-05-20 18:06:09 Waiting; watched PIDs alive: 2, matching current run processes: 2
2026-05-20 18:07:09 Waiting; watched PIDs alive: 2, matching current run processes: 2
2026-05-20 18:08:10 Waiting; watched PIDs alive: 2, matching current run processes: 2
2026-05-20 18:09:10 Waiting; watched PIDs alive: 2, matching current run processes: 2
2026-05-20 18:10:11 Waiting; watched PIDs alive: 2, matching current run processes: 2
2026-05-20 18:11:11 Waiting; watched PIDs alive: 2, matching current run processes: 2
2026-05-20 18:12:12 Waiting; watched PIDs alive: 2, matching current run processes: 2
2026-05-20 18:13:12 Waiting; watched PIDs alive: 2, matching current run processes: 2
2026-05-20 18:14:13 Waiting; watched PIDs alive: 2, matching current run processes: 2
2026-05-20 18:15:13 Waiting; watched PIDs alive: 2, matching current run processes: 2
2026-05-20 18:16:14 Waiting; watched PIDs alive: 2, matching current run processes: 2
2026-05-20 18:17:14 Waiting; watched PIDs alive: 2, matching current run processes: 2
2026-05-20 18:18:15 Waiting; watched PIDs alive: 2, matching current run processes: 2
2026-05-20 18:19:15 Waiting; watched PIDs alive: 2, matching current run processes: 2
2026-05-20 18:20:16 Waiting; watched PIDs alive: 2, matching current run processes: 2
2026-05-20 18:21:16 Waiting; watched PIDs alive: 2, matching current run processes: 2
2026-05-20 18:22:17 Waiting; watched PIDs alive: 2, matching current run processes: 2
2026-05-20 18:23:18 Waiting; watched PIDs alive: 2, matching current run processes: 2
2026-05-20 18:24:18 Waiting; watched PIDs alive: 2, matching current run processes: 2
2026-05-20 18:25:19 Waiting; watched PIDs alive: 2, matching current run processes: 2
2026-05-20 18:26:19 Waiting; watched PIDs alive: 2, matching current run processes: 2
2026-05-20 18:27:20 Waiting; watched PIDs alive: 2, matching current run processes: 2
2026-05-20 18:28:20 Current run process is no longer active. Waiting 15 seconds for final files to flush.
2026-05-20 18:28:35 Completion check passed: dehaze_v2_fuse0.05_100e has 100 result rows and last.pt exists.
2026-05-20 18:28:35 Starting next run.
2026-05-20 18:28:35 Command: C:\Anaconda\envs\yolo8hazy\Scripts\yolo.exe detect train model=ultralytics/models/v8/yolov8-dehaze-v2.yaml pretrained=yolov8n.pt data=datasets/VOC_hazy/VOC_hazy.yaml imgsz=640 epochs=100 batch=4 device=0 workers=0 seed=0 optimizer=SGD dehaze=0.05 dehaze_fuse=True dehaze_fuse_alpha=0.2 name=dehaze_v2_fuse0.2_100e
2026-05-20 18:28:36 Next run started with PID 189096.
2026-05-20 22:03:23 Next run finished with exit code .
