2026-05-20 00:14:38 Handoff watcher started.
2026-05-20 00:14:38 Watching PIDs: 182392, 182144 and run name: dehaze_v2_fuse0.1_100e
2026-05-20 00:14:38 Next run will be: dehaze_v2_nofuse_100e
2026-05-20 00:14:38 ProjectDir: C:\Python\project\ultralytics-yolov8-official
2026-05-20 00:14:38 YoloExe: C:\Anaconda\envs\yolo8hazy\Scripts\yolo.exe
2026-05-20 00:14:38 Training log: C:\Python\project\ultralytics-yolov8-official\runs\detect\_handoff_logs\dehaze_v2_nofuse_100e_20260520_001437.log
2026-05-20 00:14:38 Waiting; watched PIDs alive: 2, matching current run processes: 2
2026-05-20 00:15:39 Waiting; watched PIDs alive: 2, matching current run processes: 2
2026-05-20 00:16:39 Waiting; watched PIDs alive: 2, matching current run processes: 2
2026-05-20 00:17:40 Waiting; watched PIDs alive: 2, matching current run processes: 2
2026-05-20 00:18:40 Waiting; watched PIDs alive: 2, matching current run processes: 2
2026-05-20 00:19:41 Waiting; watched PIDs alive: 2, matching current run processes: 2
2026-05-20 00:20:41 Waiting; watched PIDs alive: 2, matching current run processes: 2
2026-05-20 00:21:42 Waiting; watched PIDs alive: 2, matching current run processes: 2
2026-05-20 00:22:42 Waiting; watched PIDs alive: 2, matching current run processes: 2
2026-05-20 00:23:43 Waiting; watched PIDs alive: 2, matching current run processes: 2
2026-05-20 00:24:43 Waiting; watched PIDs alive: 2, matching current run processes: 2
2026-05-20 00:25:44 Waiting; watched PIDs alive: 2, matching current run processes: 2
2026-05-20 00:26:44 Waiting; watched PIDs alive: 2, matching current run processes: 2
2026-05-20 00:27:45 Waiting; watched PIDs alive: 2, matching current run processes: 2
2026-05-20 00:28:46 Waiting; watched PIDs alive: 2, matching current run processes: 2
2026-05-20 00:29:46 Waiting; watched PIDs alive: 2, matching current run processes: 2
2026-05-20 00:30:47 Waiting; watched PIDs alive: 2, matching current run processes: 2
2026-05-20 00:31:47 Waiting; watched PIDs alive: 2, matching current run processes: 2
2026-05-20 00:32:48 Waiting; watched PIDs alive: 2, matching current run processes: 2
2026-05-20 00:33:48 Waiting; watched PIDs alive: 2, matching current run processes: 2
2026-05-20 00:34:49 Waiting; watched PIDs alive: 2, matching current run processes: 2
2026-05-20 00:35:49 Waiting; watched PIDs alive: 2, matching current run processes: 2
2026-05-20 00:36:50 Waiting; watched PIDs alive: 2, matching current run processes: 2
2026-05-20 00:37:51 Waiting; watched PIDs alive: 2, matching current run processes: 2
2026-05-20 00:38:51 Waiting; watched PIDs alive: 2, matching current run processes: 2
2026-05-20 00:39:52 Waiting; watched PIDs alive: 2, matching current run processes: 2
2026-05-20 00:40:52 Waiting; watched PIDs alive: 2, matching current run processes: 2
2026-05-20 00:41:53 Waiting; watched PIDs alive: 2, matching current run processes: 2
2026-05-20 00:42:53 Waiting; watched PIDs alive: 2, matching current run processes: 2
2026-05-20 00:43:54 Waiting; watched PIDs alive: 2, matching current run processes: 2
2026-05-20 00:44:54 Waiting; watched PIDs alive: 2, matching current run processes: 2
2026-05-20 00:45:55 Waiting; watched PIDs alive: 2, matching current run processes: 2
2026-05-20 00:46:55 Waiting; watched PIDs alive: 2, matching current run processes: 2
2026-05-20 00:47:56 Waiting; watched PIDs alive: 2, matching current run processes: 2
2026-05-20 00:48:56 Waiting; watched PIDs alive: 2, matching current run processes: 2
2026-05-20 00:49:57 Waiting; watched PIDs alive: 2, matching current run processes: 2
2026-05-20 00:50:57 Waiting; watched PIDs alive: 2, matching current run processes: 2
2026-05-20 00:51:58 Waiting; watched PIDs alive: 2, matching current run processes: 2
2026-05-20 00:52:58 Waiting; watched PIDs alive: 2, matching current run processes: 2
2026-05-20 00:53:59 Waiting; watched PIDs alive: 2, matching current run processes: 2
2026-05-20 00:54:59 Waiting; watched PIDs alive: 2, matching current run processes: 2
2026-05-20 00:56:00 Waiting; watched PIDs alive: 2, matching current run processes: 2
2026-05-20 00:57:00 Waiting; watched PIDs alive: 2, matching current run processes: 2
2026-05-20 00:58:01 Waiting; watched PIDs alive: 2, matching current run processes: 2
2026-05-20 00:59:01 Waiting; watched PIDs alive: 2, matching current run processes: 2
2026-05-20 01:00:02 Waiting; watched PIDs alive: 2, matching current run processes: 2
2026-05-20 01:01:02 Waiting; watched PIDs alive: 2, matching current run processes: 2
2026-05-20 01:02:03 Waiting; watched PIDs alive: 2, matching current run processes: 2
2026-05-20 01:03:03 Waiting; watched PIDs alive: 2, matching current run processes: 2
2026-05-20 01:04:04 Waiting; watched PIDs alive: 2, matching current run processes: 2
2026-05-20 01:05:04 Waiting; watched PIDs alive: 2, matching current run processes: 2
2026-05-20 01:06:05 Waiting; watched PIDs alive: 2, matching current run processes: 2
2026-05-20 01:07:05 Waiting; watched PIDs alive: 2, matching current run processes: 2
2026-05-20 01:08:06 Waiting; watched PIDs alive: 2, matching current run processes: 2
2026-05-20 01:09:06 Waiting; watched PIDs alive: 2, matching current run processes: 2
2026-05-20 01:10:07 Waiting; watched PIDs alive: 2, matching current run processes: 2
2026-05-20 01:11:07 Waiting; watched PIDs alive: 2, matching current run processes: 2
2026-05-20 01:12:08 Waiting; watched PIDs alive: 2, matching current run processes: 2
2026-05-20 01:13:08 Waiting; watched PIDs alive: 2, matching current run processes: 2
2026-05-20 01:14:09 Waiting; watched PIDs alive: 2, matching current run processes: 2
2026-05-20 01:15:09 Waiting; watched PIDs alive: 2, matching current run processes: 2
2026-05-20 01:16:09 Waiting; watched PIDs alive: 2, matching current run processes: 2
2026-05-20 01:17:10 Waiting; watched PIDs alive: 2, matching current run processes: 2
2026-05-20 01:18:10 Waiting; watched PIDs alive: 2, matching current run processes: 2
2026-05-20 01:19:11 Waiting; watched PIDs alive: 2, matching current run processes: 2
2026-05-20 01:20:11 Waiting; watched PIDs alive: 2, matching current run processes: 2
2026-05-20 01:21:12 Waiting; watched PIDs alive: 2, matching current run processes: 2
2026-05-20 01:22:12 Waiting; watched PIDs alive: 2, matching current run processes: 2
2026-05-20 01:23:13 Waiting; watched PIDs alive: 2, matching current run processes: 2
2026-05-20 01:24:13 Waiting; watched PIDs alive: 2, matching current run processes: 2
2026-05-20 01:25:14 Waiting; watched PIDs alive: 2, matching current run processes: 2
2026-05-20 01:26:14 Waiting; watched PIDs alive: 2, matching current run processes: 2
2026-05-20 01:27:15 Waiting; watched PIDs alive: 2, matching current run processes: 2
2026-05-20 01:28:15 Waiting; watched PIDs alive: 2, matching current run processes: 2
2026-05-20 01:29:16 Waiting; watched PIDs alive: 2, matching current run processes: 2
2026-05-20 01:30:17 Waiting; watched PIDs alive: 2, matching current run processes: 2
2026-05-20 01:31:17 Waiting; watched PIDs alive: 2, matching current run processes: 2
2026-05-20 01:32:18 Waiting; watched PIDs alive: 2, matching current run processes: 2
2026-05-20 01:33:18 Waiting; watched PIDs alive: 2, matching current run processes: 2
2026-05-20 01:34:19 Waiting; watched PIDs alive: 2, matching current run processes: 2
2026-05-20 01:35:19 Waiting; watched PIDs alive: 2, matching current run processes: 2
2026-05-20 01:36:20 Waiting; watched PIDs alive: 2, matching current run processes: 2
2026-05-20 01:37:20 Waiting; watched PIDs alive: 2, matching current run processes: 2
2026-05-20 01:38:21 Waiting; watched PIDs alive: 2, matching current run processes: 2
2026-05-20 01:39:21 Waiting; watched PIDs alive: 2, matching current run processes: 2
2026-05-20 01:40:22 Waiting; watched PIDs alive: 2, matching current run processes: 2
2026-05-20 01:41:22 Waiting; watched PIDs alive: 2, matching current run processes: 2
2026-05-20 01:42:23 Waiting; watched PIDs alive: 2, matching current run processes: 2
2026-05-20 01:43:23 Waiting; watched PIDs alive: 2, matching current run processes: 2
2026-05-20 01:44:24 Waiting; watched PIDs alive: 2, matching current run processes: 2
2026-05-20 01:45:24 Waiting; watched PIDs alive: 2, matching current run processes: 2
2026-05-20 01:46:25 Waiting; watched PIDs alive: 2, matching current run processes: 2
2026-05-20 01:47:25 Waiting; watched PIDs alive: 2, matching current run processes: 2
2026-05-20 01:48:26 Waiting; watched PIDs alive: 2, matching current run processes: 2
2026-05-20 01:49:26 Waiting; watched PIDs alive: 2, matching current run processes: 2
2026-05-20 01:50:27 Waiting; watched PIDs alive: 2, matching current run processes: 2
2026-05-20 01:51:27 Waiting; watched PIDs alive: 2, matching current run processes: 2
2026-05-20 01:52:28 Waiting; watched PIDs alive: 2, matching current run processes: 2
2026-05-20 01:53:28 Waiting; watched PIDs alive: 2, matching current run processes: 2
2026-05-20 01:54:29 Waiting; watched PIDs alive: 2, matching current run processes: 2
2026-05-20 01:55:30 Waiting; watched PIDs alive: 2, matching current run processes: 2
2026-05-20 01:56:30 Waiting; watched PIDs alive: 2, matching current run processes: 2
2026-05-20 01:57:31 Waiting; watched PIDs alive: 2, matching current run processes: 2
2026-05-20 01:58:31 Waiting; watched PIDs alive: 2, matching current run processes: 2
2026-05-20 01:59:31 Waiting; watched PIDs alive: 2, matching current run processes: 2
2026-05-20 02:00:32 Waiting; watched PIDs alive: 2, matching current run processes: 2
2026-05-20 02:01:32 Waiting; watched PIDs alive: 2, matching current run processes: 2
2026-05-20 02:02:33 Waiting; watched PIDs alive: 2, matching current run processes: 2
2026-05-20 02:03:33 Waiting; watched PIDs alive: 2, matching current run processes: 2
2026-05-20 02:04:34 Waiting; watched PIDs alive: 2, matching current run processes: 2
2026-05-20 02:05:34 Waiting; watched PIDs alive: 2, matching current run processes: 2
2026-05-20 02:06:35 Waiting; watched PIDs alive: 2, matching current run processes: 2
2026-05-20 02:07:35 Waiting; watched PIDs alive: 2, matching current run processes: 2
2026-05-20 02:08:36 Waiting; watched PIDs alive: 2, matching current run processes: 2
2026-05-20 02:09:36 Waiting; watched PIDs alive: 2, matching current run processes: 2
2026-05-20 02:10:37 Waiting; watched PIDs alive: 2, matching current run processes: 2
2026-05-20 02:11:37 Waiting; watched PIDs alive: 2, matching current run processes: 2
2026-05-20 02:12:38 Waiting; watched PIDs alive: 2, matching current run processes: 2
2026-05-20 02:13:38 Waiting; watched PIDs alive: 2, matching current run processes: 2
2026-05-20 02:14:39 Waiting; watched PIDs alive: 2, matching current run processes: 2
2026-05-20 02:15:39 Waiting; watched PIDs alive: 2, matching current run processes: 2
2026-05-20 02:16:40 Waiting; watched PIDs alive: 2, matching current run processes: 2
2026-05-20 02:17:40 Waiting; watched PIDs alive: 2, matching current run processes: 2
2026-05-20 02:18:41 Waiting; watched PIDs alive: 2, matching current run processes: 2
2026-05-20 02:19:41 Waiting; watched PIDs alive: 2, matching current run processes: 2
2026-05-20 02:20:42 Waiting; watched PIDs alive: 2, matching current run processes: 2
2026-05-20 02:21:43 Waiting; watched PIDs alive: 2, matching current run processes: 2
2026-05-20 02:22:43 Waiting; watched PIDs alive: 2, matching current run processes: 2
2026-05-20 02:23:44 Waiting; watched PIDs alive: 2, matching current run processes: 2
2026-05-20 02:24:44 Waiting; watched PIDs alive: 2, matching current run processes: 2
2026-05-20 02:25:45 Waiting; watched PIDs alive: 2, matching current run processes: 2
2026-05-20 02:26:45 Waiting; watched PIDs alive: 2, matching current run processes: 2
2026-05-20 02:27:46 Waiting; watched PIDs alive: 2, matching current run processes: 2
2026-05-20 02:28:46 Waiting; watched PIDs alive: 2, matching current run processes: 2
2026-05-20 02:29:47 Waiting; watched PIDs alive: 2, matching current run processes: 2
2026-05-20 02:30:47 Waiting; watched PIDs alive: 2, matching current run processes: 2
2026-05-20 02:31:48 Waiting; watched PIDs alive: 2, matching current run processes: 2
2026-05-20 02:32:48 Waiting; watched PIDs alive: 2, matching current run processes: 2
2026-05-20 02:33:49 Waiting; watched PIDs alive: 2, matching current run processes: 2
2026-05-20 02:34:49 Waiting; watched PIDs alive: 2, matching current run processes: 2
2026-05-20 02:35:50 Waiting; watched PIDs alive: 2, matching current run processes: 2
2026-05-20 02:36:50 Waiting; watched PIDs alive: 2, matching current run processes: 2
2026-05-20 02:37:51 Waiting; watched PIDs alive: 2, matching current run processes: 2
2026-05-20 02:38:51 Waiting; watched PIDs alive: 2, matching current run processes: 2
2026-05-20 02:39:52 Waiting; watched PIDs alive: 2, matching current run processes: 2
2026-05-20 02:40:52 Waiting; watched PIDs alive: 2, matching current run processes: 2
2026-05-20 02:41:53 Waiting; watched PIDs alive: 2, matching current run processes: 2
2026-05-20 02:42:54 Waiting; watched PIDs alive: 2, matching current run processes: 2
2026-05-20 02:43:54 Waiting; watched PIDs alive: 2, matching current run processes: 2
2026-05-20 02:44:55 Waiting; watched PIDs alive: 2, matching current run processes: 2
2026-05-20 02:45:55 Waiting; watched PIDs alive: 2, matching current run processes: 2
2026-05-20 02:46:56 Waiting; watched PIDs alive: 2, matching current run processes: 2
2026-05-20 02:47:56 Waiting; watched PIDs alive: 2, matching current run processes: 2
2026-05-20 02:48:57 Waiting; watched PIDs alive: 2, matching current run processes: 2
2026-05-20 02:49:57 Waiting; watched PIDs alive: 2, matching current run processes: 2
2026-05-20 02:50:58 Waiting; watched PIDs alive: 2, matching current run processes: 2
2026-05-20 02:51:58 Waiting; watched PIDs alive: 2, matching current run processes: 2
2026-05-20 02:52:59 Waiting; watched PIDs alive: 2, matching current run processes: 2
2026-05-20 02:53:59 Waiting; watched PIDs alive: 2, matching current run processes: 2
2026-05-20 02:55:00 Waiting; watched PIDs alive: 2, matching current run processes: 2
2026-05-20 02:56:00 Waiting; watched PIDs alive: 2, matching current run processes: 2
2026-05-20 02:57:01 Waiting; watched PIDs alive: 2, matching current run processes: 2
2026-05-20 02:58:02 Waiting; watched PIDs alive: 2, matching current run processes: 2
2026-05-20 02:59:02 Waiting; watched PIDs alive: 2, matching current run processes: 2
2026-05-20 03:00:03 Waiting; watched PIDs alive: 2, matching current run processes: 2
2026-05-20 03:01:03 Waiting; watched PIDs alive: 2, matching current run processes: 2
2026-05-20 03:02:04 Waiting; watched PIDs alive: 2, matching current run processes: 2
2026-05-20 03:03:04 Waiting; watched PIDs alive: 2, matching current run processes: 2
2026-05-20 03:04:05 Waiting; watched PIDs alive: 2, matching current run processes: 2
2026-05-20 03:05:05 Waiting; watched PIDs alive: 2, matching current run processes: 2
2026-05-20 03:06:06 Waiting; watched PIDs alive: 2, matching current run processes: 2
2026-05-20 03:07:06 Waiting; watched PIDs alive: 2, matching current run processes: 2
2026-05-20 03:08:07 Waiting; watched PIDs alive: 2, matching current run processes: 2
2026-05-20 03:09:07 Waiting; watched PIDs alive: 2, matching current run processes: 2
2026-05-20 03:10:08 Waiting; watched PIDs alive: 2, matching current run processes: 2
2026-05-20 03:11:08 Waiting; watched PIDs alive: 2, matching current run processes: 2
2026-05-20 03:12:09 Waiting; watched PIDs alive: 2, matching current run processes: 2
2026-05-20 03:13:09 Waiting; watched PIDs alive: 2, matching current run processes: 2
2026-05-20 03:14:10 Waiting; watched PIDs alive: 2, matching current run processes: 2
2026-05-20 03:15:10 Waiting; watched PIDs alive: 2, matching current run processes: 2
2026-05-20 03:16:11 Waiting; watched PIDs alive: 2, matching current run processes: 2
2026-05-20 03:17:11 Waiting; watched PIDs alive: 2, matching current run processes: 2
2026-05-20 03:18:12 Waiting; watched PIDs alive: 2, matching current run processes: 2
2026-05-20 03:19:12 Waiting; watched PIDs alive: 2, matching current run processes: 2
2026-05-20 03:20:13 Waiting; watched PIDs alive: 2, matching current run processes: 2
2026-05-20 03:21:13 Waiting; watched PIDs alive: 2, matching current run processes: 2
2026-05-20 03:22:14 Waiting; watched PIDs alive: 2, matching current run processes: 2
2026-05-20 03:23:14 Waiting; watched PIDs alive: 2, matching current run processes: 2
2026-05-20 03:24:15 Waiting; watched PIDs alive: 2, matching current run processes: 2
2026-05-20 03:25:15 Waiting; watched PIDs alive: 2, matching current run processes: 2
2026-05-20 03:26:16 Waiting; watched PIDs alive: 2, matching current run processes: 2
2026-05-20 03:27:16 Waiting; watched PIDs alive: 2, matching current run processes: 2
2026-05-20 03:28:17 Waiting; watched PIDs alive: 2, matching current run processes: 2
2026-05-20 03:29:17 Waiting; watched PIDs alive: 2, matching current run processes: 2
2026-05-20 03:30:18 Waiting; watched PIDs alive: 2, matching current run processes: 2
2026-05-20 03:31:18 Waiting; watched PIDs alive: 2, matching current run processes: 2
2026-05-20 03:32:19 Waiting; watched PIDs alive: 2, matching current run processes: 2
2026-05-20 03:33:19 Waiting; watched PIDs alive: 2, matching current run processes: 2
2026-05-20 03:34:20 Waiting; watched PIDs alive: 2, matching current run processes: 2
2026-05-20 03:35:21 Waiting; watched PIDs alive: 2, matching current run processes: 2
2026-05-20 03:36:21 Waiting; watched PIDs alive: 2, matching current run processes: 2
2026-05-20 03:37:22 Waiting; watched PIDs alive: 2, matching current run processes: 2
2026-05-20 03:38:22 Waiting; watched PIDs alive: 2, matching current run processes: 2
2026-05-20 03:39:23 Waiting; watched PIDs alive: 2, matching current run processes: 2
2026-05-20 03:40:23 Current run appears finished.
2026-05-20 03:40:24 Starting next run.
2026-05-20 03:40:24 Command: C:\Anaconda\envs\yolo8hazy\Scripts\yolo.exe detect train model=ultralytics/models/v8/yolov8-dehaze-v2.yaml pretrained=yolov8n.pt data=datasets/VOC_hazy/VOC_hazy.yaml imgsz=640 epochs=100 batch=4 device=0 workers=0 seed=0 dehaze=0.05 dehaze_fuse=False dehaze_fuse_alpha=0.1 name=dehaze_v2_nofuse_100e
2026-05-20 03:40:30 ERROR while running next training: WARNING  no model scale passed. Assuming scale='n'.
